[2024-11-29T21:50:52.245-0700][gc] Using G1
[2024-11-29T21:50:52.246-0700][gc,init] Version: 17.0.13+0 (release)
[2024-11-29T21:50:52.246-0700][gc,init] CPUs: 8 total, 8 available
[2024-11-29T21:50:52.246-0700][gc,init] Memory: 8192M
[2024-11-29T21:50:52.246-0700][gc,init] Large Page Support: Disabled
[2024-11-29T21:50:52.246-0700][gc,init] NUMA Support: Disabled
[2024-11-29T21:50:52.246-0700][gc,init] Compressed Oops: Enabled (Zero based)
[2024-11-29T21:50:52.246-0700][gc,init] Heap Region Size: 1M
[2024-11-29T21:50:52.246-0700][gc,init] Heap Min Capacity: 1G
[2024-11-29T21:50:52.246-0700][gc,init] Heap Initial Capacity: 1G
[2024-11-29T21:50:52.246-0700][gc,init] Heap Max Capacity: 1G
[2024-11-29T21:50:52.246-0700][gc,init] Pre-touch: Disabled
[2024-11-29T21:50:52.246-0700][gc,init] Parallel Workers: 8
[2024-11-29T21:50:52.246-0700][gc,init] Concurrent Workers: 2
[2024-11-29T21:50:52.246-0700][gc,init] Concurrent Refinement Workers: 8
[2024-11-29T21:50:52.246-0700][gc,init] Periodic GC: Disabled
[2024-11-29T21:50:52.249-0700][gc,metaspace] CDS archive(s) mapped at: [0x0000000300000000-0x0000000300bc0000-0x0000000300bc0000), size 12320768, SharedBaseAddress: 0x0000000300000000, ArchiveRelocationMode: 1.
[2024-11-29T21:50:52.249-0700][gc,metaspace] Compressed class space mapped at: 0x0000000301000000-0x0000000341000000, reserved size: 1073741824
[2024-11-29T21:50:52.249-0700][gc,metaspace] Narrow klass base: 0x0000000300000000, Narrow klass shift: 0, Narrow klass range: 0x100000000
[2024-11-29T21:50:52.941-0700][gc,start    ] GC(0) Pause Young (Normal) (G1 Evacuation Pause)
[2024-11-29T21:50:52.942-0700][gc,task     ] GC(0) Using 8 workers of 8 for evacuation
[2024-11-29T21:50:52.944-0700][gc,phases   ] GC(0)   Pre Evacuate Collection Set: 0.1ms
[2024-11-29T21:50:52.944-0700][gc,phases   ] GC(0)   Merge Heap Roots: 0.0ms
[2024-11-29T21:50:52.944-0700][gc,phases   ] GC(0)   Evacuate Collection Set: 2.2ms
[2024-11-29T21:50:52.944-0700][gc,phases   ] GC(0)   Post Evacuate Collection Set: 0.2ms
[2024-11-29T21:50:52.944-0700][gc,phases   ] GC(0)   Other: 0.3ms
[2024-11-29T21:50:52.944-0700][gc,heap     ] GC(0) Eden regions: 51->0(44)
[2024-11-29T21:50:52.944-0700][gc,heap     ] GC(0) Survivor regions: 0->7(7)
[2024-11-29T21:50:52.944-0700][gc,heap     ] GC(0) Old regions: 0->1
[2024-11-29T21:50:52.944-0700][gc,heap     ] GC(0) Archive regions: 2->2
[2024-11-29T21:50:52.944-0700][gc,heap     ] GC(0) Humongous regions: 0->0
[2024-11-29T21:50:52.944-0700][gc,metaspace] GC(0) Metaspace: 17393K(17536K)->17393K(17536K) NonClass: 15272K(15360K)->15272K(15360K) Class: 2121K(2176K)->2121K(2176K)
[2024-11-29T21:50:52.944-0700][gc          ] GC(0) Pause Young (Normal) (G1 Evacuation Pause) 51M->8M(1024M) 2.824ms
[2024-11-29T21:50:52.944-0700][gc,cpu      ] GC(0) User=0.01s Sys=0.00s Real=0.00s
[2024-11-29T21:50:53.072-0700][gc,start    ] GC(1) Pause Young (Concurrent Start) (Metadata GC Threshold)
[2024-11-29T21:50:53.072-0700][gc,task     ] GC(1) Using 8 workers of 8 for evacuation
[2024-11-29T21:50:53.075-0700][gc,phases   ] GC(1)   Pre Evacuate Collection Set: 0.1ms
[2024-11-29T21:50:53.075-0700][gc,phases   ] GC(1)   Merge Heap Roots: 0.0ms
[2024-11-29T21:50:53.075-0700][gc,phases   ] GC(1)   Evacuate Collection Set: 1.9ms
[2024-11-29T21:50:53.075-0700][gc,phases   ] GC(1)   Post Evacuate Collection Set: 0.2ms
[2024-11-29T21:50:53.075-0700][gc,phases   ] GC(1)   Other: 0.1ms
[2024-11-29T21:50:53.075-0700][gc,heap     ] GC(1) Eden regions: 16->0(49)
[2024-11-29T21:50:53.075-0700][gc,heap     ] GC(1) Survivor regions: 7->2(7)
[2024-11-29T21:50:53.075-0700][gc,heap     ] GC(1) Old regions: 1->9
[2024-11-29T21:50:53.075-0700][gc,heap     ] GC(1) Archive regions: 2->2
[2024-11-29T21:50:53.075-0700][gc,heap     ] GC(1) Humongous regions: 0->0
[2024-11-29T21:50:53.075-0700][gc,metaspace] GC(1) Metaspace: 21259K(21504K)->21259K(21504K) NonClass: 18636K(18752K)->18636K(18752K) Class: 2622K(2752K)->2622K(2752K)
[2024-11-29T21:50:53.075-0700][gc          ] GC(1) Pause Young (Concurrent Start) (Metadata GC Threshold) 24M->10M(1024M) 2.376ms
[2024-11-29T21:50:53.075-0700][gc,cpu      ] GC(1) User=0.01s Sys=0.00s Real=0.00s
[2024-11-29T21:50:53.075-0700][gc          ] GC(2) Concurrent Mark Cycle
[2024-11-29T21:50:53.075-0700][gc,marking  ] GC(2) Concurrent Clear Claimed Marks
[2024-11-29T21:50:53.075-0700][gc,marking  ] GC(2) Concurrent Clear Claimed Marks 0.014ms
[2024-11-29T21:50:53.075-0700][gc,marking  ] GC(2) Concurrent Scan Root Regions
[2024-11-29T21:50:53.076-0700][gc,marking  ] GC(2) Concurrent Scan Root Regions 1.295ms
[2024-11-29T21:50:53.076-0700][gc,marking  ] GC(2) Concurrent Mark
[2024-11-29T21:50:53.076-0700][gc,marking  ] GC(2) Concurrent Mark From Roots
[2024-11-29T21:50:53.076-0700][gc,task     ] GC(2) Using 2 workers of 2 for marking
[2024-11-29T21:50:53.077-0700][gc,marking  ] GC(2) Concurrent Mark From Roots 0.929ms
[2024-11-29T21:50:53.077-0700][gc,marking  ] GC(2) Concurrent Preclean
[2024-11-29T21:50:53.077-0700][gc,marking  ] GC(2) Concurrent Preclean 0.014ms
[2024-11-29T21:50:53.077-0700][gc,start    ] GC(2) Pause Remark
[2024-11-29T21:50:53.078-0700][gc          ] GC(2) Pause Remark 10M->10M(1024M) 0.871ms
[2024-11-29T21:50:53.078-0700][gc,cpu      ] GC(2) User=0.00s Sys=0.00s Real=0.00s
[2024-11-29T21:50:53.078-0700][gc,marking  ] GC(2) Concurrent Mark 1.921ms
[2024-11-29T21:50:53.078-0700][gc,marking  ] GC(2) Concurrent Rebuild Remembered Sets
[2024-11-29T21:50:53.080-0700][gc,marking  ] GC(2) Concurrent Rebuild Remembered Sets 1.620ms
[2024-11-29T21:50:53.080-0700][gc,start    ] GC(2) Pause Cleanup
[2024-11-29T21:50:53.080-0700][gc          ] GC(2) Pause Cleanup 10M->10M(1024M) 0.063ms
[2024-11-29T21:50:53.080-0700][gc,cpu      ] GC(2) User=0.00s Sys=0.01s Real=0.00s
[2024-11-29T21:50:53.080-0700][gc,marking  ] GC(2) Concurrent Cleanup for Next Mark
[2024-11-29T21:50:53.081-0700][gc,marking  ] GC(2) Concurrent Cleanup for Next Mark 1.284ms
[2024-11-29T21:50:53.081-0700][gc          ] GC(2) Concurrent Mark Cycle 6.553ms
[2024-11-29T21:50:53.549-0700][gc,start    ] GC(3) Pause Young (Normal) (G1 Evacuation Pause)
[2024-11-29T21:50:53.549-0700][gc,task     ] GC(3) Using 8 workers of 8 for evacuation
[2024-11-29T21:50:53.552-0700][gc,phases   ] GC(3)   Pre Evacuate Collection Set: 0.1ms
[2024-11-29T21:50:53.552-0700][gc,phases   ] GC(3)   Merge Heap Roots: 0.0ms
[2024-11-29T21:50:53.552-0700][gc,phases   ] GC(3)   Evacuate Collection Set: 1.9ms
[2024-11-29T21:50:53.552-0700][gc,phases   ] GC(3)   Post Evacuate Collection Set: 0.2ms
[2024-11-29T21:50:53.552-0700][gc,phases   ] GC(3)   Other: 0.1ms
[2024-11-29T21:50:53.552-0700][gc,heap     ] GC(3) Eden regions: 49->0(45)
[2024-11-29T21:50:53.552-0700][gc,heap     ] GC(3) Survivor regions: 2->6(7)
[2024-11-29T21:50:53.552-0700][gc,heap     ] GC(3) Old regions: 9->9
[2024-11-29T21:50:53.552-0700][gc,heap     ] GC(3) Archive regions: 2->2
[2024-11-29T21:50:53.552-0700][gc,heap     ] GC(3) Humongous regions: 129->129
[2024-11-29T21:50:53.552-0700][gc,metaspace] GC(3) Metaspace: 30593K(30848K)->30593K(30848K) NonClass: 27116K(27264K)->27116K(27264K) Class: 3477K(3584K)->3477K(3584K)
[2024-11-29T21:50:53.552-0700][gc          ] GC(3) Pause Young (Normal) (G1 Evacuation Pause) 188M->143M(1024M) 2.359ms
[2024-11-29T21:50:53.552-0700][gc,cpu      ] GC(3) User=0.01s Sys=0.00s Real=0.01s
[2024-11-29T21:50:53.672-0700][gc,start    ] GC(4) Pause Young (Concurrent Start) (Metadata GC Threshold)
[2024-11-29T21:50:53.672-0700][gc,task     ] GC(4) Using 8 workers of 8 for evacuation
[2024-11-29T21:50:53.675-0700][gc,phases   ] GC(4)   Pre Evacuate Collection Set: 0.1ms
[2024-11-29T21:50:53.675-0700][gc,phases   ] GC(4)   Merge Heap Roots: 0.0ms
[2024-11-29T21:50:53.675-0700][gc,phases   ] GC(4)   Evacuate Collection Set: 2.6ms
[2024-11-29T21:50:53.675-0700][gc,phases   ] GC(4)   Post Evacuate Collection Set: 0.2ms
[2024-11-29T21:50:53.675-0700][gc,phases   ] GC(4)   Other: 0.1ms
[2024-11-29T21:50:53.675-0700][gc,heap     ] GC(4) Eden regions: 22->0(49)
[2024-11-29T21:50:53.675-0700][gc,heap     ] GC(4) Survivor regions: 6->2(7)
[2024-11-29T21:50:53.675-0700][gc,heap     ] GC(4) Old regions: 9->14
[2024-11-29T21:50:53.675-0700][gc,heap     ] GC(4) Archive regions: 2->2
[2024-11-29T21:50:53.675-0700][gc,heap     ] GC(4) Humongous regions: 129->129
[2024-11-29T21:50:53.675-0700][gc,metaspace] GC(4) Metaspace: 35803K(36096K)->35803K(36096K) NonClass: 31781K(31936K)->31781K(31936K) Class: 4021K(4160K)->4021K(4160K)
[2024-11-29T21:50:53.675-0700][gc          ] GC(4) Pause Young (Concurrent Start) (Metadata GC Threshold) 165M->145M(1024M) 3.135ms
[2024-11-29T21:50:53.675-0700][gc,cpu      ] GC(4) User=0.02s Sys=0.00s Real=0.00s
[2024-11-29T21:50:53.675-0700][gc          ] GC(5) Concurrent Mark Cycle
[2024-11-29T21:50:53.675-0700][gc,marking  ] GC(5) Concurrent Clear Claimed Marks
[2024-11-29T21:50:53.675-0700][gc,marking  ] GC(5) Concurrent Clear Claimed Marks 0.015ms
[2024-11-29T21:50:53.675-0700][gc,marking  ] GC(5) Concurrent Scan Root Regions
[2024-11-29T21:50:53.678-0700][gc,marking  ] GC(5) Concurrent Scan Root Regions 2.532ms
[2024-11-29T21:50:53.678-0700][gc,marking  ] GC(5) Concurrent Mark
[2024-11-29T21:50:53.678-0700][gc,marking  ] GC(5) Concurrent Mark From Roots
[2024-11-29T21:50:53.678-0700][gc,task     ] GC(5) Using 2 workers of 2 for marking
[2024-11-29T21:50:53.685-0700][gc,marking  ] GC(5) Concurrent Mark From Roots 6.479ms
[2024-11-29T21:50:53.685-0700][gc,marking  ] GC(5) Concurrent Preclean
[2024-11-29T21:50:53.685-0700][gc,marking  ] GC(5) Concurrent Preclean 0.047ms
[2024-11-29T21:50:53.685-0700][gc,start    ] GC(5) Pause Remark
[2024-11-29T21:50:53.686-0700][gc          ] GC(5) Pause Remark 147M->147M(1024M) 0.997ms
[2024-11-29T21:50:53.686-0700][gc,cpu      ] GC(5) User=0.00s Sys=0.00s Real=0.00s
[2024-11-29T21:50:53.686-0700][gc,marking  ] GC(5) Concurrent Mark 8.305ms
[2024-11-29T21:50:53.686-0700][gc,marking  ] GC(5) Concurrent Rebuild Remembered Sets
[2024-11-29T21:50:53.690-0700][gc,marking  ] GC(5) Concurrent Rebuild Remembered Sets 3.738ms
[2024-11-29T21:50:53.690-0700][gc,start    ] GC(5) Pause Cleanup
[2024-11-29T21:50:53.690-0700][gc          ] GC(5) Pause Cleanup 147M->147M(1024M) 0.084ms
[2024-11-29T21:50:53.690-0700][gc,cpu      ] GC(5) User=0.00s Sys=0.00s Real=0.00s
[2024-11-29T21:50:53.690-0700][gc,marking  ] GC(5) Concurrent Cleanup for Next Mark
[2024-11-29T21:50:53.692-0700][gc,marking  ] GC(5) Concurrent Cleanup for Next Mark 1.474ms
[2024-11-29T21:50:53.692-0700][gc          ] GC(5) Concurrent Mark Cycle 16.501ms
[2024-11-29T21:57:49.074-0700][gc,start    ] GC(6) Pause Young (Prepare Mixed) (G1 Evacuation Pause)
[2024-11-29T21:57:49.077-0700][gc,task     ] GC(6) Using 8 workers of 8 for evacuation
[2024-11-29T21:57:49.331-0700][gc,mmu      ] GC(6) MMU target violated: 21.0ms (20.0ms/21.0ms)
[2024-11-29T21:57:49.332-0700][gc,phases   ] GC(6)   Pre Evacuate Collection Set: 8.1ms
[2024-11-29T21:57:49.332-0700][gc,phases   ] GC(6)   Merge Heap Roots: 1.8ms
[2024-11-29T21:57:49.332-0700][gc,phases   ] GC(6)   Evacuate Collection Set: 237.1ms
[2024-11-29T21:57:49.332-0700][gc,phases   ] GC(6)   Post Evacuate Collection Set: 3.7ms
[2024-11-29T21:57:49.332-0700][gc,phases   ] GC(6)   Other: 10.3ms
[2024-11-29T21:57:49.332-0700][gc,heap     ] GC(6) Eden regions: 49->0(47)
[2024-11-29T21:57:49.332-0700][gc,heap     ] GC(6) Survivor regions: 2->4(7)
[2024-11-29T21:57:49.332-0700][gc,heap     ] GC(6) Old regions: 14->14
[2024-11-29T21:57:49.332-0700][gc,heap     ] GC(6) Archive regions: 2->2
[2024-11-29T21:57:49.332-0700][gc,heap     ] GC(6) Humongous regions: 225->129
[2024-11-29T21:57:49.332-0700][gc,metaspace] GC(6) Metaspace: 40519K(41024K)->40519K(41024K) NonClass: 35717K(36032K)->35717K(36032K) Class: 4802K(4992K)->4802K(4992K)
[2024-11-29T21:57:49.332-0700][gc          ] GC(6) Pause Young (Prepare Mixed) (G1 Evacuation Pause) 290M->146M(1024M) 258.672ms
[2024-11-29T21:57:49.332-0700][gc,cpu      ] GC(6) User=0.02s Sys=0.10s Real=0.26s
