[2024-12-02 02:04:08,413] INFO [Controller id=0, targetBrokerId=0] Node 0 disconnected. (org.apache.kafka.clients.NetworkClient)
[2024-12-02 02:04:08,424] INFO [GroupMetadataManager brokerId=0] Group stream_processor_group transitioned to Dead in generation 0 (kafka.coordinator.group.GroupMetadataManager)
[2024-12-02 02:04:08,427] INFO [GroupCoordinator 0]: Removed 1 offsets associated with deleted partitions: car-sensors-0. (kafka.coordinator.group.GroupCoordinator)
[2024-12-02 02:04:08,428] INFO [ReplicaFetcherManager on broker 0] Removed fetcher for partitions Set(car-sensors-0) (kafka.server.ReplicaFetcherManager)
[2024-12-02 02:04:08,428] INFO [ReplicaAlterLogDirsManager on broker 0] Removed fetcher for partitions Set(car-sensors-0) (kafka.server.ReplicaAlterLogDirsManager)
[2024-12-02 02:04:08,429] INFO [ReplicaFetcherManager on broker 0] Removed fetcher for partitions Set(car-sensors-0) (kafka.server.ReplicaFetcherManager)
[2024-12-02 02:04:08,429] INFO [ReplicaAlterLogDirsManager on broker 0] Removed fetcher for partitions Set(car-sensors-0) (kafka.server.ReplicaAlterLogDirsManager)
[2024-12-02 02:04:08,436] INFO Log for partition car-sensors-0 is renamed to /tmp/kafka-logs/car-sensors-0.278c6efda9954be0bf46beeb98862706-delete and is scheduled for deletion (kafka.log.LogManager)
[2024-12-02 02:04:15,844] INFO [GroupMetadataManager brokerId=0] Group cars_aggregated_group transitioned to Dead in generation 2 (kafka.coordinator.group.GroupMetadataManager)
[2024-12-02 02:04:15,845] INFO [GroupCoordinator 0]: Removed 1 offsets associated with deleted partitions: car-sensors-aggregated-0. (kafka.coordinator.group.GroupCoordinator)
[2024-12-02 02:04:15,851] INFO [ReplicaFetcherManager on broker 0] Removed fetcher for partitions Set(car-sensors-aggregated-0) (kafka.server.ReplicaFetcherManager)
[2024-12-02 02:04:15,851] INFO [ReplicaAlterLogDirsManager on broker 0] Removed fetcher for partitions Set(car-sensors-aggregated-0) (kafka.server.ReplicaAlterLogDirsManager)
[2024-12-02 02:04:15,852] INFO [ReplicaFetcherManager on broker 0] Removed fetcher for partitions Set(car-sensors-aggregated-0) (kafka.server.ReplicaFetcherManager)
[2024-12-02 02:04:15,852] INFO [ReplicaAlterLogDirsManager on broker 0] Removed fetcher for partitions Set(car-sensors-aggregated-0) (kafka.server.ReplicaAlterLogDirsManager)
[2024-12-02 02:04:15,858] INFO Log for partition car-sensors-aggregated-0 is renamed to /tmp/kafka-logs/car-sensors-aggregated-0.4fcbdd97ef4f4a70bebcec1eb6e548b1-delete and is scheduled for deletion (kafka.log.LogManager)
[2024-12-02 02:05:08,446] INFO [LocalLog partition=car-sensors-0, dir=/tmp/kafka-logs] Deleting segments as the log has been deleted: LogSegment(baseOffset=0, size=13483, lastModifiedTime=1733129307483, largestRecordTimestamp=1733129307483) (kafka.log.LocalLog)
[2024-12-02 02:05:08,449] INFO [LocalLog partition=car-sensors-0, dir=/tmp/kafka-logs] Deleting segment files LogSegment(baseOffset=0, size=13483, lastModifiedTime=1733129307483, largestRecordTimestamp=1733129307483) (kafka.log.LocalLog$)
[2024-12-02 02:05:08,451] INFO Deleted log /tmp/kafka-logs/car-sensors-0.278c6efda9954be0bf46beeb98862706-delete/00000000000000000000.log.deleted. (org.apache.kafka.storage.internals.log.LogSegment)
[2024-12-02 02:05:08,451] INFO Deleted offset index /tmp/kafka-logs/car-sensors-0.278c6efda9954be0bf46beeb98862706-delete/00000000000000000000.index.deleted. (org.apache.kafka.storage.internals.log.LogSegment)
[2024-12-02 02:05:08,452] INFO Deleted time index /tmp/kafka-logs/car-sensors-0.278c6efda9954be0bf46beeb98862706-delete/00000000000000000000.timeindex.deleted. (org.apache.kafka.storage.internals.log.LogSegment)
[2024-12-02 02:05:08,455] INFO Deleted log for partition car-sensors-0 in /tmp/kafka-logs/car-sensors-0.278c6efda9954be0bf46beeb98862706-delete. (kafka.log.LogManager)
[2024-12-02 02:05:15,863] INFO [LocalLog partition=car-sensors-aggregated-0, dir=/tmp/kafka-logs] Deleting segments as the log has been deleted: LogSegment(baseOffset=0, size=17241, lastModifiedTime=1733129308558, largestRecordTimestamp=1733129308551) (kafka.log.LocalLog)
[2024-12-02 02:05:15,866] INFO [LocalLog partition=car-sensors-aggregated-0, dir=/tmp/kafka-logs] Deleting segment files LogSegment(baseOffset=0, size=17241, lastModifiedTime=1733129308558, largestRecordTimestamp=1733129308551) (kafka.log.LocalLog$)
[2024-12-02 02:05:15,867] INFO Deleted log /tmp/kafka-logs/car-sensors-aggregated-0.4fcbdd97ef4f4a70bebcec1eb6e548b1-delete/00000000000000000000.log.deleted. (org.apache.kafka.storage.internals.log.LogSegment)
[2024-12-02 02:05:15,867] INFO Deleted offset index /tmp/kafka-logs/car-sensors-aggregated-0.4fcbdd97ef4f4a70bebcec1eb6e548b1-delete/00000000000000000000.index.deleted. (org.apache.kafka.storage.internals.log.LogSegment)
[2024-12-02 02:05:15,867] INFO Deleted time index /tmp/kafka-logs/car-sensors-aggregated-0.4fcbdd97ef4f4a70bebcec1eb6e548b1-delete/00000000000000000000.timeindex.deleted. (org.apache.kafka.storage.internals.log.LogSegment)
[2024-12-02 02:05:15,871] INFO Deleted log for partition car-sensors-aggregated-0 in /tmp/kafka-logs/car-sensors-aggregated-0.4fcbdd97ef4f4a70bebcec1eb6e548b1-delete. (kafka.log.LogManager)
[2024-12-02 02:07:17,717] INFO Creating topic car-sensors with configuration {} and initial partition assignment HashMap(0 -> ArrayBuffer(0)) (kafka.zk.AdminZkClient)
[2024-12-02 02:07:17,788] INFO [ReplicaFetcherManager on broker 0] Removed fetcher for partitions Set(car-sensors-0) (kafka.server.ReplicaFetcherManager)
[2024-12-02 02:07:17,793] INFO [LogLoader partition=car-sensors-0, dir=/tmp/kafka-logs] Loading producer state till offset 0 with message format version 2 (kafka.log.UnifiedLog$)
[2024-12-02 02:07:17,794] INFO Created log for partition car-sensors-0 in /tmp/kafka-logs/car-sensors-0 with properties {} (kafka.log.LogManager)
[2024-12-02 02:07:17,794] INFO [Partition car-sensors-0 broker=0] No checkpointed highwatermark is found for partition car-sensors-0 (kafka.cluster.Partition)
[2024-12-02 02:07:17,794] INFO [Partition car-sensors-0 broker=0] Log loaded for partition car-sensors-0 with initial high watermark 0 (kafka.cluster.Partition)
[2024-12-02 02:07:19,780] INFO Creating topic car-sensors-aggregated with configuration {} and initial partition assignment HashMap(0 -> ArrayBuffer(0)) (kafka.zk.AdminZkClient)
[2024-12-02 02:07:19,812] INFO [ReplicaFetcherManager on broker 0] Removed fetcher for partitions Set(car-sensors-aggregated-0) (kafka.server.ReplicaFetcherManager)
[2024-12-02 02:07:19,813] INFO [LogLoader partition=car-sensors-aggregated-0, dir=/tmp/kafka-logs] Loading producer state till offset 0 with message format version 2 (kafka.log.UnifiedLog$)
[2024-12-02 02:07:19,814] INFO Created log for partition car-sensors-aggregated-0 in /tmp/kafka-logs/car-sensors-aggregated-0 with properties {} (kafka.log.LogManager)
[2024-12-02 02:07:19,814] INFO [Partition car-sensors-aggregated-0 broker=0] No checkpointed highwatermark is found for partition car-sensors-aggregated-0 (kafka.cluster.Partition)
[2024-12-02 02:07:19,814] INFO [Partition car-sensors-aggregated-0 broker=0] Log loaded for partition car-sensors-aggregated-0 with initial high watermark 0 (kafka.cluster.Partition)
[2024-12-02 02:07:19,826] INFO [GroupCoordinator 0]: Dynamic member with unknown member id joins group cars_aggregated_group in Empty state. Created a new member id rdkafka-76cb5614-3c14-4219-8d0f-422d1aa60f7e and request the member to rejoin with this id. (kafka.coordinator.group.GroupCoordinator)
[2024-12-02 02:07:19,827] INFO [GroupCoordinator 0]: Preparing to rebalance group cars_aggregated_group in state PreparingRebalance with old generation 0 (__consumer_offsets-49) (reason: Adding new member rdkafka-76cb5614-3c14-4219-8d0f-422d1aa60f7e with group instance id None; client reason: not provided) (kafka.coordinator.group.GroupCoordinator)
[2024-12-02 02:07:19,827] INFO [GroupCoordinator 0]: Stabilized group cars_aggregated_group generation 1 (__consumer_offsets-49) with 1 members (kafka.coordinator.group.GroupCoordinator)
[2024-12-02 02:07:19,828] INFO [GroupCoordinator 0]: Assignment received from leader rdkafka-76cb5614-3c14-4219-8d0f-422d1aa60f7e for group cars_aggregated_group for generation 1. The group has 1 members, 0 of which are static. (kafka.coordinator.group.GroupCoordinator)
[2024-12-02 02:07:58,546] INFO [GroupCoordinator 0]: Preparing to rebalance group cars_aggregated_group in state PreparingRebalance with old generation 1 (__consumer_offsets-49) (reason: Removing member rdkafka-76cb5614-3c14-4219-8d0f-422d1aa60f7e on LeaveGroup; client reason: not provided) (kafka.coordinator.group.GroupCoordinator)
[2024-12-02 02:07:58,547] INFO [GroupCoordinator 0]: Group cars_aggregated_group with generation 2 is now empty (__consumer_offsets-49) (kafka.coordinator.group.GroupCoordinator)
[2024-12-02 02:07:58,547] INFO [GroupCoordinator 0]: Member MemberMetadata(memberId=rdkafka-76cb5614-3c14-4219-8d0f-422d1aa60f7e, groupInstanceId=None, clientId=rdkafka, clientHost=/0:0:0:0:0:0:0:1, sessionTimeoutMs=45000, rebalanceTimeoutMs=300000, supportedProtocols=List(range, roundrobin)) has left group cars_aggregated_group through explicit `LeaveGroup`; client reason: not provided (kafka.coordinator.group.GroupCoordinator)
[2024-12-02 02:13:59,938] INFO [GroupCoordinator 0]: Dynamic member with unknown member id joins group cars_aggregated_group in Empty state. Created a new member id rdkafka-035576e6-778e-46b0-8b2c-d1dd45603749 and request the member to rejoin with this id. (kafka.coordinator.group.GroupCoordinator)
[2024-12-02 02:13:59,940] INFO [GroupCoordinator 0]: Preparing to rebalance group cars_aggregated_group in state PreparingRebalance with old generation 2 (__consumer_offsets-49) (reason: Adding new member rdkafka-035576e6-778e-46b0-8b2c-d1dd45603749 with group instance id None; client reason: not provided) (kafka.coordinator.group.GroupCoordinator)
[2024-12-02 02:13:59,941] INFO [GroupCoordinator 0]: Stabilized group cars_aggregated_group generation 3 (__consumer_offsets-49) with 1 members (kafka.coordinator.group.GroupCoordinator)
[2024-12-02 02:13:59,942] INFO [GroupCoordinator 0]: Assignment received from leader rdkafka-035576e6-778e-46b0-8b2c-d1dd45603749 for group cars_aggregated_group for generation 3. The group has 1 members, 0 of which are static. (kafka.coordinator.group.GroupCoordinator)
[2024-12-02 02:15:01,599] INFO [GroupCoordinator 0]: Preparing to rebalance group cars_aggregated_group in state PreparingRebalance with old generation 3 (__consumer_offsets-49) (reason: Removing member rdkafka-035576e6-778e-46b0-8b2c-d1dd45603749 on LeaveGroup; client reason: not provided) (kafka.coordinator.group.GroupCoordinator)
[2024-12-02 02:15:01,601] INFO [GroupCoordinator 0]: Group cars_aggregated_group with generation 4 is now empty (__consumer_offsets-49) (kafka.coordinator.group.GroupCoordinator)
[2024-12-02 02:15:01,603] INFO [GroupCoordinator 0]: Member MemberMetadata(memberId=rdkafka-035576e6-778e-46b0-8b2c-d1dd45603749, groupInstanceId=None, clientId=rdkafka, clientHost=/0:0:0:0:0:0:0:1, sessionTimeoutMs=45000, rebalanceTimeoutMs=300000, supportedProtocols=List(range, roundrobin)) has left group cars_aggregated_group through explicit `LeaveGroup`; client reason: not provided (kafka.coordinator.group.GroupCoordinator)
[2024-12-02 02:17:50,920] WARN Session 0x1000004b3a70001 for server localhost/127.0.0.1:2181, Closing socket connection. Attempting reconnect except it is a SessionExpiredException. (org.apache.zookeeper.ClientCnxn)
EndOfStreamException: Unable to read additional data from server sessionid 0x1000004b3a70001, likely server has closed socket
	at org.apache.zookeeper.ClientCnxnSocketNIO.doIO(ClientCnxnSocketNIO.java:77)
	at org.apache.zookeeper.ClientCnxnSocketNIO.doTransport(ClientCnxnSocketNIO.java:350)
	at org.apache.zookeeper.ClientCnxn$SendThread.run(ClientCnxn.java:1289)
[2024-12-02 02:17:52,616] INFO Opening socket connection to server localhost/127.0.0.1:2181. (org.apache.zookeeper.ClientCnxn)
[2024-12-02 02:17:52,617] WARN Session 0x1000004b3a70001 for server localhost/127.0.0.1:2181, Closing socket connection. Attempting reconnect except it is a SessionExpiredException. (org.apache.zookeeper.ClientCnxn)
java.net.ConnectException: Connection refused
	at java.base/sun.nio.ch.Net.pollConnect(Native Method)
	at java.base/sun.nio.ch.Net.pollConnectNow(Net.java:672)
	at java.base/sun.nio.ch.SocketChannelImpl.finishConnect(SocketChannelImpl.java:946)
	at org.apache.zookeeper.ClientCnxnSocketNIO.doTransport(ClientCnxnSocketNIO.java:344)
	at org.apache.zookeeper.ClientCnxn$SendThread.run(ClientCnxn.java:1289)
[2024-12-02 02:17:52,686] INFO Terminating process due to signal SIGINT (org.apache.kafka.common.utils.LoggingSignalHandler)
[2024-12-02 02:17:52,692] INFO [KafkaServer id=0] shutting down (kafka.server.KafkaServer)
[2024-12-02 02:17:52,693] INFO [KafkaServer id=0] Starting controlled shutdown (kafka.server.KafkaServer)
[2024-12-02 02:17:52,712] INFO [KafkaServer id=0] Controlled shutdown request returned successfully after 13ms (kafka.server.KafkaServer)
[2024-12-02 02:17:52,716] INFO [/config/changes-event-process-thread]: Shutting down (kafka.common.ZkNodeChangeNotificationListener$ChangeEventProcessThread)
[2024-12-02 02:17:52,717] INFO [/config/changes-event-process-thread]: Shutdown completed (kafka.common.ZkNodeChangeNotificationListener$ChangeEventProcessThread)
[2024-12-02 02:17:52,717] INFO [/config/changes-event-process-thread]: Stopped (kafka.common.ZkNodeChangeNotificationListener$ChangeEventProcessThread)
[2024-12-02 02:17:52,718] INFO [SocketServer listenerType=ZK_BROKER, nodeId=0] Stopping socket server request processors (kafka.network.SocketServer)
[2024-12-02 02:17:52,724] INFO [SocketServer listenerType=ZK_BROKER, nodeId=0] Stopped socket server request processors (kafka.network.SocketServer)
[2024-12-02 02:17:52,725] INFO [data-plane Kafka Request Handler on Broker 0], shutting down (kafka.server.KafkaRequestHandlerPool)
[2024-12-02 02:17:52,727] INFO [data-plane Kafka Request Handler on Broker 0], shut down completely (kafka.server.KafkaRequestHandlerPool)
[2024-12-02 02:17:52,730] INFO [ExpirationReaper-0-AlterAcls]: Shutting down (kafka.server.DelayedOperationPurgatory$ExpiredOperationReaper)
[2024-12-02 02:17:52,731] INFO [ExpirationReaper-0-AlterAcls]: Stopped (kafka.server.DelayedOperationPurgatory$ExpiredOperationReaper)
[2024-12-02 02:17:52,731] INFO [ExpirationReaper-0-AlterAcls]: Shutdown completed (kafka.server.DelayedOperationPurgatory$ExpiredOperationReaper)
[2024-12-02 02:17:52,732] INFO [KafkaApi-0] Shutdown complete. (kafka.server.KafkaApis)
[2024-12-02 02:17:52,732] INFO [ExpirationReaper-0-topic]: Shutting down (kafka.server.DelayedOperationPurgatory$ExpiredOperationReaper)
[2024-12-02 02:17:52,732] INFO [ExpirationReaper-0-topic]: Stopped (kafka.server.DelayedOperationPurgatory$ExpiredOperationReaper)
[2024-12-02 02:17:52,732] INFO [ExpirationReaper-0-topic]: Shutdown completed (kafka.server.DelayedOperationPurgatory$ExpiredOperationReaper)
[2024-12-02 02:17:52,733] INFO [TransactionCoordinator id=0] Shutting down. (kafka.coordinator.transaction.TransactionCoordinator)
[2024-12-02 02:17:52,734] INFO [Transaction State Manager 0]: Shutdown complete (kafka.coordinator.transaction.TransactionStateManager)
[2024-12-02 02:17:52,734] INFO [TxnMarkerSenderThread-0]: Shutting down (kafka.coordinator.transaction.TransactionMarkerChannelManager)
[2024-12-02 02:17:52,735] INFO [TxnMarkerSenderThread-0]: Stopped (kafka.coordinator.transaction.TransactionMarkerChannelManager)
[2024-12-02 02:17:52,735] INFO [TxnMarkerSenderThread-0]: Shutdown completed (kafka.coordinator.transaction.TransactionMarkerChannelManager)
[2024-12-02 02:17:52,735] INFO [TransactionCoordinator id=0] Shutdown complete. (kafka.coordinator.transaction.TransactionCoordinator)
[2024-12-02 02:17:52,735] INFO [GroupCoordinator 0]: Shutting down. (kafka.coordinator.group.GroupCoordinator)
[2024-12-02 02:17:52,736] INFO [ExpirationReaper-0-Heartbeat]: Shutting down (kafka.server.DelayedOperationPurgatory$ExpiredOperationReaper)
[2024-12-02 02:17:52,736] INFO [ExpirationReaper-0-Heartbeat]: Stopped (kafka.server.DelayedOperationPurgatory$ExpiredOperationReaper)
[2024-12-02 02:17:52,736] INFO [ExpirationReaper-0-Heartbeat]: Shutdown completed (kafka.server.DelayedOperationPurgatory$ExpiredOperationReaper)
[2024-12-02 02:17:52,736] INFO [ExpirationReaper-0-Rebalance]: Shutting down (kafka.server.DelayedOperationPurgatory$ExpiredOperationReaper)
[2024-12-02 02:17:52,736] INFO [ExpirationReaper-0-Rebalance]: Stopped (kafka.server.DelayedOperationPurgatory$ExpiredOperationReaper)
[2024-12-02 02:17:52,736] INFO [ExpirationReaper-0-Rebalance]: Shutdown completed (kafka.server.DelayedOperationPurgatory$ExpiredOperationReaper)
[2024-12-02 02:17:52,737] INFO [GroupCoordinator 0]: Shutdown complete. (kafka.coordinator.group.GroupCoordinator)
[2024-12-02 02:17:52,737] INFO [ReplicaManager broker=0] Shutting down (kafka.server.ReplicaManager)
[2024-12-02 02:17:52,737] INFO [LogDirFailureHandler]: Shutting down (kafka.server.ReplicaManager$LogDirFailureHandler)
[2024-12-02 02:17:52,738] INFO [LogDirFailureHandler]: Stopped (kafka.server.ReplicaManager$LogDirFailureHandler)
[2024-12-02 02:17:52,738] INFO [LogDirFailureHandler]: Shutdown completed (kafka.server.ReplicaManager$LogDirFailureHandler)
[2024-12-02 02:17:52,738] INFO [ReplicaFetcherManager on broker 0] shutting down (kafka.server.ReplicaFetcherManager)
[2024-12-02 02:17:52,739] INFO [ReplicaFetcherManager on broker 0] shutdown completed (kafka.server.ReplicaFetcherManager)
[2024-12-02 02:17:52,739] INFO [ReplicaAlterLogDirsManager on broker 0] shutting down (kafka.server.ReplicaAlterLogDirsManager)
[2024-12-02 02:17:52,739] INFO [ReplicaAlterLogDirsManager on broker 0] shutdown completed (kafka.server.ReplicaAlterLogDirsManager)
[2024-12-02 02:17:52,739] INFO [ExpirationReaper-0-Fetch]: Shutting down (kafka.server.DelayedOperationPurgatory$ExpiredOperationReaper)
[2024-12-02 02:17:52,739] INFO [ExpirationReaper-0-Fetch]: Stopped (kafka.server.DelayedOperationPurgatory$ExpiredOperationReaper)
[2024-12-02 02:17:52,739] INFO [ExpirationReaper-0-Fetch]: Shutdown completed (kafka.server.DelayedOperationPurgatory$ExpiredOperationReaper)
[2024-12-02 02:17:52,739] INFO [ExpirationReaper-0-RemoteFetch]: Shutting down (kafka.server.DelayedOperationPurgatory$ExpiredOperationReaper)
[2024-12-02 02:17:52,740] INFO [ExpirationReaper-0-RemoteFetch]: Stopped (kafka.server.DelayedOperationPurgatory$ExpiredOperationReaper)
[2024-12-02 02:17:52,740] INFO [ExpirationReaper-0-RemoteFetch]: Shutdown completed (kafka.server.DelayedOperationPurgatory$ExpiredOperationReaper)
[2024-12-02 02:17:52,740] INFO [ExpirationReaper-0-Produce]: Shutting down (kafka.server.DelayedOperationPurgatory$ExpiredOperationReaper)
[2024-12-02 02:17:52,740] INFO [ExpirationReaper-0-Produce]: Stopped (kafka.server.DelayedOperationPurgatory$ExpiredOperationReaper)
[2024-12-02 02:17:52,740] INFO [ExpirationReaper-0-Produce]: Shutdown completed (kafka.server.DelayedOperationPurgatory$ExpiredOperationReaper)
[2024-12-02 02:17:52,740] INFO [ExpirationReaper-0-DeleteRecords]: Shutting down (kafka.server.DelayedOperationPurgatory$ExpiredOperationReaper)
[2024-12-02 02:17:52,741] INFO [ExpirationReaper-0-DeleteRecords]: Stopped (kafka.server.DelayedOperationPurgatory$ExpiredOperationReaper)
[2024-12-02 02:17:52,741] INFO [ExpirationReaper-0-DeleteRecords]: Shutdown completed (kafka.server.DelayedOperationPurgatory$ExpiredOperationReaper)
[2024-12-02 02:17:52,741] INFO [ExpirationReaper-0-ElectLeader]: Shutting down (kafka.server.DelayedOperationPurgatory$ExpiredOperationReaper)
[2024-12-02 02:17:52,741] INFO [ExpirationReaper-0-ElectLeader]: Stopped (kafka.server.DelayedOperationPurgatory$ExpiredOperationReaper)
[2024-12-02 02:17:52,741] INFO [ExpirationReaper-0-ElectLeader]: Shutdown completed (kafka.server.DelayedOperationPurgatory$ExpiredOperationReaper)
[2024-12-02 02:17:52,748] INFO [AddPartitionsToTxnSenderThread-0]: Shutting down (kafka.server.AddPartitionsToTxnManager)
[2024-12-02 02:17:52,748] INFO [AddPartitionsToTxnSenderThread-0]: Stopped (kafka.server.AddPartitionsToTxnManager)
[2024-12-02 02:17:52,748] INFO [AddPartitionsToTxnSenderThread-0]: Shutdown completed (kafka.server.AddPartitionsToTxnManager)
[2024-12-02 02:17:52,749] INFO [ReplicaManager broker=0] Shut down completely (kafka.server.ReplicaManager)
[2024-12-02 02:17:52,749] INFO [zk-broker-0-to-controller-alter-partition-channel-manager]: Shutting down (kafka.server.NodeToControllerRequestThread)
[2024-12-02 02:17:52,749] INFO [zk-broker-0-to-controller-alter-partition-channel-manager]: Stopped (kafka.server.NodeToControllerRequestThread)
[2024-12-02 02:17:52,749] INFO [zk-broker-0-to-controller-alter-partition-channel-manager]: Shutdown completed (kafka.server.NodeToControllerRequestThread)
[2024-12-02 02:17:52,750] INFO Node to controller channel manager for alter-partition shutdown (kafka.server.NodeToControllerChannelManagerImpl)
[2024-12-02 02:17:52,750] INFO [zk-broker-0-to-controller-forwarding-channel-manager]: Shutting down (kafka.server.NodeToControllerRequestThread)
[2024-12-02 02:17:52,751] INFO [zk-broker-0-to-controller-forwarding-channel-manager]: Stopped (kafka.server.NodeToControllerRequestThread)
[2024-12-02 02:17:52,751] INFO [zk-broker-0-to-controller-forwarding-channel-manager]: Shutdown completed (kafka.server.NodeToControllerRequestThread)
[2024-12-02 02:17:52,751] INFO Node to controller channel manager for forwarding shutdown (kafka.server.NodeToControllerChannelManagerImpl)
[2024-12-02 02:17:52,751] INFO Shutting down. (kafka.log.LogManager)
[2024-12-02 02:17:52,753] INFO [kafka-log-cleaner-thread-0]: Shutting down (kafka.log.LogCleaner$CleanerThread)
[2024-12-02 02:17:52,753] INFO [kafka-log-cleaner-thread-0]: Stopped (kafka.log.LogCleaner$CleanerThread)
[2024-12-02 02:17:52,753] INFO [kafka-log-cleaner-thread-0]: Shutdown completed (kafka.log.LogCleaner$CleanerThread)
[2024-12-02 02:17:52,852] INFO [ProducerStateManager partition=__consumer_offsets-49] Wrote producer snapshot at offset 1325 with 0 producer ids in 6 ms. (org.apache.kafka.storage.internals.log.ProducerStateManager)
[2024-12-02 02:17:52,916] INFO [ProducerStateManager partition=car-sensors-0] Wrote producer snapshot at offset 63 with 0 producer ids in 5 ms. (org.apache.kafka.storage.internals.log.ProducerStateManager)
[2024-12-02 02:17:52,954] INFO [ProducerStateManager partition=__consumer_offsets-23] Wrote producer snapshot at offset 583 with 0 producer ids in 3 ms. (org.apache.kafka.storage.internals.log.ProducerStateManager)
[2024-12-02 02:17:52,971] INFO [ProducerStateManager partition=car-sensors-aggregated-0] Wrote producer snapshot at offset 60 with 0 producer ids in 5 ms. (org.apache.kafka.storage.internals.log.ProducerStateManager)
[2024-12-02 02:17:53,063] INFO Shutdown complete. (kafka.log.LogManager)
[2024-12-02 02:17:53,066] INFO [feature-zk-node-event-process-thread]: Shutting down (kafka.server.FinalizedFeatureChangeListener$ChangeNotificationProcessorThread)
[2024-12-02 02:17:53,067] INFO [feature-zk-node-event-process-thread]: Stopped (kafka.server.FinalizedFeatureChangeListener$ChangeNotificationProcessorThread)
[2024-12-02 02:17:53,067] INFO [feature-zk-node-event-process-thread]: Shutdown completed (kafka.server.FinalizedFeatureChangeListener$ChangeNotificationProcessorThread)
[2024-12-02 02:17:53,067] INFO [ZooKeeperClient Kafka server] Closing. (kafka.zookeeper.ZooKeeperClient)
[2024-12-02 02:17:54,200] INFO Opening socket connection to server localhost/127.0.0.1:2181. (org.apache.zookeeper.ClientCnxn)
[2024-12-02 02:17:54,309] INFO Session: 0x1000004b3a70001 closed (org.apache.zookeeper.ZooKeeper)
[2024-12-02 02:17:54,309] INFO EventThread shut down for session: 0x1000004b3a70001 (org.apache.zookeeper.ClientCnxn)
[2024-12-02 02:17:54,310] INFO [ZooKeeperClient Kafka server] Closed. (kafka.zookeeper.ZooKeeperClient)
[2024-12-02 02:17:54,310] INFO [ThrottledChannelReaper-Fetch]: Shutting down (kafka.server.ClientQuotaManager$ThrottledChannelReaper)
[2024-12-02 02:17:54,312] INFO [ThrottledChannelReaper-Fetch]: Shutdown completed (kafka.server.ClientQuotaManager$ThrottledChannelReaper)
[2024-12-02 02:17:54,312] INFO [ThrottledChannelReaper-Produce]: Shutting down (kafka.server.ClientQuotaManager$ThrottledChannelReaper)
[2024-12-02 02:17:54,312] INFO [ThrottledChannelReaper-Fetch]: Stopped (kafka.server.ClientQuotaManager$ThrottledChannelReaper)
[2024-12-02 02:17:54,313] INFO [ThrottledChannelReaper-Produce]: Stopped (kafka.server.ClientQuotaManager$ThrottledChannelReaper)
[2024-12-02 02:17:54,313] INFO [ThrottledChannelReaper-Produce]: Shutdown completed (kafka.server.ClientQuotaManager$ThrottledChannelReaper)
[2024-12-02 02:17:54,313] INFO [ThrottledChannelReaper-Request]: Shutting down (kafka.server.ClientQuotaManager$ThrottledChannelReaper)
[2024-12-02 02:17:54,313] INFO [ThrottledChannelReaper-Request]: Stopped (kafka.server.ClientQuotaManager$ThrottledChannelReaper)
[2024-12-02 02:17:54,313] INFO [ThrottledChannelReaper-Request]: Shutdown completed (kafka.server.ClientQuotaManager$ThrottledChannelReaper)
[2024-12-02 02:17:54,313] INFO [ThrottledChannelReaper-ControllerMutation]: Shutting down (kafka.server.ClientQuotaManager$ThrottledChannelReaper)
[2024-12-02 02:17:54,313] INFO [ThrottledChannelReaper-ControllerMutation]: Stopped (kafka.server.ClientQuotaManager$ThrottledChannelReaper)
[2024-12-02 02:17:54,313] INFO [ThrottledChannelReaper-ControllerMutation]: Shutdown completed (kafka.server.ClientQuotaManager$ThrottledChannelReaper)
[2024-12-02 02:17:54,314] INFO [SocketServer listenerType=ZK_BROKER, nodeId=0] Shutting down socket server (kafka.network.SocketServer)
[2024-12-02 02:17:54,329] INFO [SocketServer listenerType=ZK_BROKER, nodeId=0] Shutdown completed (kafka.network.SocketServer)
[2024-12-02 02:17:54,329] INFO Metrics scheduler closed (org.apache.kafka.common.metrics.Metrics)
[2024-12-02 02:17:54,329] INFO Closing reporter org.apache.kafka.common.metrics.JmxReporter (org.apache.kafka.common.metrics.Metrics)
[2024-12-02 02:17:54,329] INFO Metrics reporters closed (org.apache.kafka.common.metrics.Metrics)
[2024-12-02 02:17:54,330] INFO Broker and topic stats closed (kafka.server.BrokerTopicStats)
[2024-12-02 02:17:54,331] INFO App info kafka.server for 0 unregistered (org.apache.kafka.common.utils.AppInfoParser)
[2024-12-02 02:17:54,331] INFO [KafkaServer id=0] shut down completed (kafka.server.KafkaServer)
