[2024-12-02 02:04:08,410] INFO [Controller id=0 epoch=2] Sending UpdateMetadata request to brokers HashSet() for 0 partitions (state.change.logger)
[2024-12-02 02:04:08,411] INFO [Controller id=0 epoch=2] Sending UpdateMetadata request to brokers HashSet() for 0 partitions (state.change.logger)
[2024-12-02 02:04:08,411] INFO [Controller id=0 epoch=2] Sending UpdateMetadata request to brokers HashSet(0) for 1 partitions (state.change.logger)
[2024-12-02 02:04:08,422] INFO [Broker id=0] Add 0 partitions and deleted 1 partitions from metadata cache in response to UpdateMetadata request sent by controller 0 epoch 2 with correlation id 17 (state.change.logger)
[2024-12-02 02:04:08,425] INFO [Controller id=0 epoch=2] Partition car-sensors-0 state changed to (Leader:-1,ISR:0,LeaderRecoveryState:RECOVERED,LeaderEpoch:1,ZkVersion:1,ControllerEpoch:2) after removing replica 0 from the ISR as part of transition to OfflineReplica (state.change.logger)
[2024-12-02 02:04:08,425] INFO [Controller id=0 epoch=2] Sending UpdateMetadata request to brokers HashSet() for 0 partitions (state.change.logger)
[2024-12-02 02:04:08,426] INFO [Controller id=0 epoch=2] Sending StopReplica request for 1 replicas to broker 0 (state.change.logger)
[2024-12-02 02:04:08,426] INFO [Controller id=0 epoch=2] Sending UpdateMetadata request to brokers HashSet() for 0 partitions (state.change.logger)
[2024-12-02 02:04:08,426] INFO [Controller id=0 epoch=2] Sending StopReplica request for 1 replicas to broker 0 (state.change.logger)
[2024-12-02 02:04:08,428] INFO [Broker id=0] Handling StopReplica request correlationId 18 from controller 0 for 1 partitions (state.change.logger)
[2024-12-02 02:04:08,429] INFO [Broker id=0] Handling StopReplica request correlationId 19 from controller 0 for 1 partitions (state.change.logger)
[2024-12-02 02:04:08,458] INFO [Controller id=0 epoch=2] Sending UpdateMetadata request to brokers HashSet() for 0 partitions (state.change.logger)
[2024-12-02 02:04:08,458] INFO [Controller id=0 epoch=2] Sending UpdateMetadata request to brokers HashSet() for 0 partitions (state.change.logger)
[2024-12-02 02:04:15,838] INFO [Controller id=0 epoch=2] Sending UpdateMetadata request to brokers HashSet() for 0 partitions (state.change.logger)
[2024-12-02 02:04:15,839] INFO [Controller id=0 epoch=2] Sending UpdateMetadata request to brokers HashSet() for 0 partitions (state.change.logger)
[2024-12-02 02:04:15,839] INFO [Controller id=0 epoch=2] Sending UpdateMetadata request to brokers HashSet(0) for 1 partitions (state.change.logger)
[2024-12-02 02:04:15,842] INFO [Broker id=0] Add 0 partitions and deleted 1 partitions from metadata cache in response to UpdateMetadata request sent by controller 0 epoch 2 with correlation id 20 (state.change.logger)
[2024-12-02 02:04:15,850] INFO [Controller id=0 epoch=2] Partition car-sensors-aggregated-0 state changed to (Leader:-1,ISR:0,LeaderRecoveryState:RECOVERED,LeaderEpoch:1,ZkVersion:1,ControllerEpoch:2) after removing replica 0 from the ISR as part of transition to OfflineReplica (state.change.logger)
[2024-12-02 02:04:15,850] INFO [Controller id=0 epoch=2] Sending UpdateMetadata request to brokers HashSet() for 0 partitions (state.change.logger)
[2024-12-02 02:04:15,850] INFO [Controller id=0 epoch=2] Sending StopReplica request for 1 replicas to broker 0 (state.change.logger)
[2024-12-02 02:04:15,851] INFO [Controller id=0 epoch=2] Sending UpdateMetadata request to brokers HashSet() for 0 partitions (state.change.logger)
[2024-12-02 02:04:15,851] INFO [Controller id=0 epoch=2] Sending StopReplica request for 1 replicas to broker 0 (state.change.logger)
[2024-12-02 02:04:15,851] INFO [Broker id=0] Handling StopReplica request correlationId 21 from controller 0 for 1 partitions (state.change.logger)
[2024-12-02 02:04:15,852] INFO [Broker id=0] Handling StopReplica request correlationId 22 from controller 0 for 1 partitions (state.change.logger)
[2024-12-02 02:04:15,872] INFO [Controller id=0 epoch=2] Sending UpdateMetadata request to brokers HashSet() for 0 partitions (state.change.logger)
[2024-12-02 02:04:15,873] INFO [Controller id=0 epoch=2] Sending UpdateMetadata request to brokers HashSet() for 0 partitions (state.change.logger)
[2024-12-02 02:07:17,753] INFO [Controller id=0 epoch=2] Changed partition car-sensors-0 state from NonExistentPartition to NewPartition with assigned replicas 0 (state.change.logger)
[2024-12-02 02:07:17,756] INFO [Controller id=0 epoch=2] Sending UpdateMetadata request to brokers HashSet() for 0 partitions (state.change.logger)
[2024-12-02 02:07:17,758] INFO [Controller id=0 epoch=2] Sending UpdateMetadata request to brokers HashSet() for 0 partitions (state.change.logger)
[2024-12-02 02:07:17,781] INFO [Controller id=0 epoch=2] Changed partition car-sensors-0 from NewPartition to OnlinePartition with state LeaderAndIsr(leader=0, leaderEpoch=0, isrWithBrokerEpoch=List(BrokerState(brokerId=0, brokerEpoch=-1)), leaderRecoveryState=RECOVERED, partitionEpoch=0) (state.change.logger)
[2024-12-02 02:07:17,782] INFO [Controller id=0 epoch=2] Sending LeaderAndIsr request to broker 0 with 1 become-leader and 0 become-follower partitions (state.change.logger)
[2024-12-02 02:07:17,782] INFO [Controller id=0 epoch=2] Sending UpdateMetadata request to brokers HashSet(0) for 1 partitions (state.change.logger)
[2024-12-02 02:07:17,783] INFO [Controller id=0 epoch=2] Sending UpdateMetadata request to brokers HashSet() for 0 partitions (state.change.logger)
[2024-12-02 02:07:17,786] INFO [Broker id=0] Handling LeaderAndIsr request correlationId 23 from controller 0 for 1 partitions (state.change.logger)
[2024-12-02 02:07:17,788] INFO [Broker id=0] Stopped fetchers as part of LeaderAndIsr request correlationId 23 from controller 0 epoch 2 as part of the become-leader transition for 1 partitions (state.change.logger)
[2024-12-02 02:07:17,795] INFO [Broker id=0] Leader car-sensors-0 with topic id Some(RsfcZ82pSi2WVZQwD9bkWw) starts at leader epoch 0 from offset 0 with partition epoch 0, high watermark 0, ISR [0], adding replicas [] and removing replicas [] . Previous leader None and previous leader epoch was -1. (state.change.logger)
[2024-12-02 02:07:17,801] INFO [Broker id=0] Finished LeaderAndIsr request in 16ms correlationId 23 from controller 0 for 1 partitions (state.change.logger)
[2024-12-02 02:07:17,802] INFO [Broker id=0] Add 1 partitions and deleted 0 partitions from metadata cache in response to UpdateMetadata request sent by controller 0 epoch 2 with correlation id 24 (state.change.logger)
[2024-12-02 02:07:19,797] INFO [Controller id=0 epoch=2] Changed partition car-sensors-aggregated-0 state from NonExistentPartition to NewPartition with assigned replicas 0 (state.change.logger)
[2024-12-02 02:07:19,797] INFO [Controller id=0 epoch=2] Sending UpdateMetadata request to brokers HashSet() for 0 partitions (state.change.logger)
[2024-12-02 02:07:19,797] INFO [Controller id=0 epoch=2] Sending UpdateMetadata request to brokers HashSet() for 0 partitions (state.change.logger)
[2024-12-02 02:07:19,811] INFO [Controller id=0 epoch=2] Changed partition car-sensors-aggregated-0 from NewPartition to OnlinePartition with state LeaderAndIsr(leader=0, leaderEpoch=0, isrWithBrokerEpoch=List(BrokerState(brokerId=0, brokerEpoch=-1)), leaderRecoveryState=RECOVERED, partitionEpoch=0) (state.change.logger)
[2024-12-02 02:07:19,811] INFO [Controller id=0 epoch=2] Sending LeaderAndIsr request to broker 0 with 1 become-leader and 0 become-follower partitions (state.change.logger)
[2024-12-02 02:07:19,811] INFO [Controller id=0 epoch=2] Sending UpdateMetadata request to brokers HashSet(0) for 1 partitions (state.change.logger)
[2024-12-02 02:07:19,811] INFO [Controller id=0 epoch=2] Sending UpdateMetadata request to brokers HashSet() for 0 partitions (state.change.logger)
[2024-12-02 02:07:19,811] INFO [Broker id=0] Handling LeaderAndIsr request correlationId 25 from controller 0 for 1 partitions (state.change.logger)
[2024-12-02 02:07:19,812] INFO [Broker id=0] Stopped fetchers as part of LeaderAndIsr request correlationId 25 from controller 0 epoch 2 as part of the become-leader transition for 1 partitions (state.change.logger)
[2024-12-02 02:07:19,814] INFO [Broker id=0] Leader car-sensors-aggregated-0 with topic id Some(Q71g5ZTcQhKYlL5RBnrgHg) starts at leader epoch 0 from offset 0 with partition epoch 0, high watermark 0, ISR [0], adding replicas [] and removing replicas [] . Previous leader None and previous leader epoch was -1. (state.change.logger)
[2024-12-02 02:07:19,821] INFO [Broker id=0] Finished LeaderAndIsr request in 10ms correlationId 25 from controller 0 for 1 partitions (state.change.logger)
[2024-12-02 02:07:19,821] INFO [Broker id=0] Add 1 partitions and deleted 0 partitions from metadata cache in response to UpdateMetadata request sent by controller 0 epoch 2 with correlation id 26 (state.change.logger)
[2024-12-02 02:17:52,708] INFO [Controller id=0 epoch=2] Sending UpdateMetadata request to brokers HashSet() for 0 partitions (state.change.logger)
