[2024-11-29T21:49:58.314-0700][gc] Using G1
[2024-11-29T21:49:58.315-0700][gc,init] Version: 17.0.13+0 (release)
[2024-11-29T21:49:58.315-0700][gc,init] CPUs: 8 total, 8 available
[2024-11-29T21:49:58.315-0700][gc,init] Memory: 8192M
[2024-11-29T21:49:58.315-0700][gc,init] Large Page Support: Disabled
[2024-11-29T21:49:58.315-0700][gc,init] NUMA Support: Disabled
[2024-11-29T21:49:58.315-0700][gc,init] Compressed Oops: Enabled (Zero based)
[2024-11-29T21:49:58.315-0700][gc,init] Heap Region Size: 1M
[2024-11-29T21:49:58.315-0700][gc,init] Heap Min Capacity: 512M
[2024-11-29T21:49:58.315-0700][gc,init] Heap Initial Capacity: 512M
[2024-11-29T21:49:58.315-0700][gc,init] Heap Max Capacity: 512M
[2024-11-29T21:49:58.315-0700][gc,init] Pre-touch: Disabled
[2024-11-29T21:49:58.315-0700][gc,init] Parallel Workers: 8
[2024-11-29T21:49:58.315-0700][gc,init] Concurrent Workers: 2
[2024-11-29T21:49:58.315-0700][gc,init] Concurrent Refinement Workers: 8
[2024-11-29T21:49:58.315-0700][gc,init] Periodic GC: Disabled
[2024-11-29T21:49:58.319-0700][gc,metaspace] CDS archive(s) mapped at: [0x0000007000000000-0x0000007000bc0000-0x0000007000bc0000), size 12320768, SharedBaseAddress: 0x0000007000000000, ArchiveRelocationMode: 1.
[2024-11-29T21:49:58.319-0700][gc,metaspace] Compressed class space mapped at: 0x0000007001000000-0x0000007041000000, reserved size: 1073741824
[2024-11-29T21:49:58.319-0700][gc,metaspace] Narrow klass base: 0x0000007000000000, Narrow klass shift: 0, Narrow klass range: 0x100000000
[2024-11-29T21:49:58.606-0700][gc,start    ] GC(0) Pause Young (Normal) (G1 Evacuation Pause)
[2024-11-29T21:49:58.606-0700][gc,task     ] GC(0) Using 8 workers of 8 for evacuation
[2024-11-29T21:49:58.609-0700][gc,phases   ] GC(0)   Pre Evacuate Collection Set: 0.1ms
[2024-11-29T21:49:58.609-0700][gc,phases   ] GC(0)   Merge Heap Roots: 0.0ms
[2024-11-29T21:49:58.609-0700][gc,phases   ] GC(0)   Evacuate Collection Set: 2.1ms
[2024-11-29T21:49:58.609-0700][gc,phases   ] GC(0)   Post Evacuate Collection Set: 0.2ms
[2024-11-29T21:49:58.609-0700][gc,phases   ] GC(0)   Other: 0.4ms
[2024-11-29T21:49:58.609-0700][gc,heap     ] GC(0) Eden regions: 25->0(21)
[2024-11-29T21:49:58.609-0700][gc,heap     ] GC(0) Survivor regions: 0->4(4)
[2024-11-29T21:49:58.609-0700][gc,heap     ] GC(0) Old regions: 0->5
[2024-11-29T21:49:58.609-0700][gc,heap     ] GC(0) Archive regions: 2->2
[2024-11-29T21:49:58.609-0700][gc,heap     ] GC(0) Humongous regions: 0->0
[2024-11-29T21:49:58.609-0700][gc,metaspace] GC(0) Metaspace: 7569K(7744K)->7569K(7744K) NonClass: 6727K(6784K)->6727K(6784K) Class: 841K(960K)->841K(960K)
[2024-11-29T21:49:58.609-0700][gc          ] GC(0) Pause Young (Normal) (G1 Evacuation Pause) 25M->9M(512M) 2.826ms
[2024-11-29T21:49:58.609-0700][gc,cpu      ] GC(0) User=0.01s Sys=0.00s Real=0.00s
